[0.140s] DEBUG:colcon:Command line arguments: ['/usr/bin/colcon', 'build']
[0.140s] DEBUG:colcon:Parsed command line arguments: Namespace(log_base=None, log_level=None, verb_name='build', build_base='build', install_base='install', merge_install=False, symlink_install=False, test_result_base=None, continue_on_error=False, executor='parallel', parallel_workers=5, event_handlers=None, ignore_user_meta=False, metas=['./colcon.meta'], base_paths=['.'], packages_ignore=None, packages_ignore_regex=None, paths=None, packages_up_to=None, packages_up_to_regex=None, packages_above=None, packages_above_and_dependencies=None, packages_above_depth=None, packages_select_by_dep=None, packages_skip_by_dep=None, packages_skip_up_to=None, packages_select_build_failed=False, packages_skip_build_finished=False, packages_select_test_failures=False, packages_skip_test_passed=False, packages_select=None, packages_skip=None, packages_select_regex=None, packages_skip_regex=None, packages_start=None, packages_end=None, allow_overriding=[], cmake_args=None, cmake_target=None, cmake_target_skip_unavailable=False, cmake_clean_cache=False, cmake_clean_first=False, cmake_force_configure=False, ament_cmake_args=None, catkin_cmake_args=None, catkin_skip_building_tests=False, verb_parser=<colcon_defaults.argument_parser.defaults.DefaultArgumentsDecorator object at 0xffffac53c2e0>, verb_extension=<colcon_core.verb.build.BuildVerb object at 0xffffac51be50>, main=<bound method BuildVerb.main of <colcon_core.verb.build.BuildVerb object at 0xffffac51be50>>)
[0.283s] Level 1:colcon.colcon_core.package_discovery:discover_packages(colcon_meta) check parameters
[0.284s] Level 1:colcon.colcon_core.package_discovery:discover_packages(recursive) check parameters
[0.284s] Level 1:colcon.colcon_core.package_discovery:discover_packages(ignore) check parameters
[0.284s] Level 1:colcon.colcon_core.package_discovery:discover_packages(path) check parameters
[0.284s] Level 1:colcon.colcon_core.package_discovery:discover_packages(colcon_meta) discover
[0.284s] Level 1:colcon.colcon_core.package_discovery:discover_packages(recursive) discover
[0.284s] INFO:colcon.colcon_core.package_discovery:Crawling recursively for packages in '/home/upcoming/Documents/TR-Training 2/TR-Autonomy-2/src'
[0.284s] Level 1:colcon.colcon_core.package_identification:_identify(.) by extensions ['ignore', 'ignore_ament_install']
[0.284s] Level 1:colcon.colcon_core.package_identification:_identify(.) by extension 'ignore'
[0.284s] Level 1:colcon.colcon_core.package_identification:_identify(.) by extension 'ignore_ament_install'
[0.285s] Level 1:colcon.colcon_core.package_identification:_identify(.) by extensions ['colcon_pkg']
[0.285s] Level 1:colcon.colcon_core.package_identification:_identify(.) by extension 'colcon_pkg'
[0.285s] Level 1:colcon.colcon_core.package_identification:_identify(.) by extensions ['colcon_meta']
[0.285s] Level 1:colcon.colcon_core.package_identification:_identify(.) by extension 'colcon_meta'
[0.285s] Level 1:colcon.colcon_core.package_identification:_identify(.) by extensions ['ros']
[0.285s] Level 1:colcon.colcon_core.package_identification:_identify(.) by extension 'ros'
[0.300s] Level 1:colcon.colcon_core.package_identification:_identify(.) by extensions ['cmake', 'python']
[0.300s] Level 1:colcon.colcon_core.package_identification:_identify(.) by extension 'cmake'
[0.300s] Level 1:colcon.colcon_core.package_identification:_identify(.) by extension 'python'
[0.300s] Level 1:colcon.colcon_core.package_identification:_identify(.) by extensions ['python_setup_py']
[0.300s] Level 1:colcon.colcon_core.package_identification:_identify(.) by extension 'python_setup_py'
[0.300s] Level 1:colcon.colcon_core.package_identification:_identify(build) by extensions ['ignore', 'ignore_ament_install']
[0.300s] Level 1:colcon.colcon_core.package_identification:_identify(build) by extension 'ignore'
[0.300s] Level 1:colcon.colcon_core.package_identification:_identify(build) ignored
[0.300s] Level 1:colcon.colcon_core.package_identification:_identify(install) by extensions ['ignore', 'ignore_ament_install']
[0.300s] Level 1:colcon.colcon_core.package_identification:_identify(install) by extension 'ignore'
[0.300s] Level 1:colcon.colcon_core.package_identification:_identify(install) ignored
[0.301s] Level 1:colcon.colcon_core.package_identification:_identify(log) by extensions ['ignore', 'ignore_ament_install']
[0.301s] Level 1:colcon.colcon_core.package_identification:_identify(log) by extension 'ignore'
[0.301s] Level 1:colcon.colcon_core.package_identification:_identify(log) ignored
[0.301s] Level 1:colcon.colcon_core.package_identification:_identify(spinnyrobot) by extensions ['ignore', 'ignore_ament_install']
[0.301s] Level 1:colcon.colcon_core.package_identification:_identify(spinnyrobot) by extension 'ignore'
[0.301s] Level 1:colcon.colcon_core.package_identification:_identify(spinnyrobot) by extension 'ignore_ament_install'
[0.301s] Level 1:colcon.colcon_core.package_identification:_identify(spinnyrobot) by extensions ['colcon_pkg']
[0.301s] Level 1:colcon.colcon_core.package_identification:_identify(spinnyrobot) by extension 'colcon_pkg'
[0.301s] Level 1:colcon.colcon_core.package_identification:_identify(spinnyrobot) by extensions ['colcon_meta']
[0.301s] Level 1:colcon.colcon_core.package_identification:_identify(spinnyrobot) by extension 'colcon_meta'
[0.301s] Level 1:colcon.colcon_core.package_identification:_identify(spinnyrobot) by extensions ['ros']
[0.301s] Level 1:colcon.colcon_core.package_identification:_identify(spinnyrobot) by extension 'ros'
[0.305s] DEBUG:colcon.colcon_core.package_identification:Package 'spinnyrobot' with type 'ros.ament_python' and name 'spinnyrobot'
[0.305s] Level 1:colcon.colcon_core.package_identification:_identify(your_solution) by extensions ['ignore', 'ignore_ament_install']
[0.305s] Level 1:colcon.colcon_core.package_identification:_identify(your_solution) by extension 'ignore'
[0.305s] Level 1:colcon.colcon_core.package_identification:_identify(your_solution) by extension 'ignore_ament_install'
[0.305s] Level 1:colcon.colcon_core.package_identification:_identify(your_solution) by extensions ['colcon_pkg']
[0.305s] Level 1:colcon.colcon_core.package_identification:_identify(your_solution) by extension 'colcon_pkg'
[0.305s] Level 1:colcon.colcon_core.package_identification:_identify(your_solution) by extensions ['colcon_meta']
[0.305s] Level 1:colcon.colcon_core.package_identification:_identify(your_solution) by extension 'colcon_meta'
[0.305s] Level 1:colcon.colcon_core.package_identification:_identify(your_solution) by extensions ['ros']
[0.305s] Level 1:colcon.colcon_core.package_identification:_identify(your_solution) by extension 'ros'
[0.306s] DEBUG:colcon.colcon_core.package_identification:Package 'your_solution' with type 'ros.ament_cmake' and name 'your_solution'
[0.307s] Level 1:colcon.colcon_core.package_discovery:discover_packages(recursive) using defaults
[0.307s] Level 1:colcon.colcon_core.package_discovery:discover_packages(ignore) discover
[0.307s] Level 1:colcon.colcon_core.package_discovery:discover_packages(ignore) using defaults
[0.307s] Level 1:colcon.colcon_core.package_discovery:discover_packages(path) discover
[0.307s] Level 1:colcon.colcon_core.package_discovery:discover_packages(path) using defaults
[0.333s] Level 1:colcon.colcon_core.package_discovery:discover_packages(prefix_path) check parameters
[0.333s] Level 1:colcon.colcon_core.package_discovery:discover_packages(prefix_path) discover
[0.335s] DEBUG:colcon.colcon_installed_package_information.package_discovery:Found 1 installed packages in /home/upcoming/Documents/TR-Training 2/TR-Autonomy-2/install
[0.336s] DEBUG:colcon.colcon_installed_package_information.package_discovery:Found 271 installed packages in /opt/ros/humble
[0.345s] Level 1:colcon.colcon_core.package_discovery:discover_packages(prefix_path) using defaults
[0.378s] Level 5:colcon.colcon_core.verb:set package 'spinnyrobot' build argument 'cmake_args' from command line to 'None'
[0.378s] Level 5:colcon.colcon_core.verb:set package 'spinnyrobot' build argument 'cmake_target' from command line to 'None'
[0.378s] Level 5:colcon.colcon_core.verb:set package 'spinnyrobot' build argument 'cmake_target_skip_unavailable' from command line to 'False'
[0.378s] Level 5:colcon.colcon_core.verb:set package 'spinnyrobot' build argument 'cmake_clean_cache' from command line to 'False'
[0.378s] Level 5:colcon.colcon_core.verb:set package 'spinnyrobot' build argument 'cmake_clean_first' from command line to 'False'
[0.378s] Level 5:colcon.colcon_core.verb:set package 'spinnyrobot' build argument 'cmake_force_configure' from command line to 'False'
[0.378s] Level 5:colcon.colcon_core.verb:set package 'spinnyrobot' build argument 'ament_cmake_args' from command line to 'None'
[0.378s] Level 5:colcon.colcon_core.verb:set package 'spinnyrobot' build argument 'catkin_cmake_args' from command line to 'None'
[0.378s] Level 5:colcon.colcon_core.verb:set package 'spinnyrobot' build argument 'catkin_skip_building_tests' from command line to 'False'
[0.378s] DEBUG:colcon.colcon_core.verb:Building package 'spinnyrobot' with the following arguments: {'ament_cmake_args': None, 'build_base': '/home/upcoming/Documents/TR-Training 2/TR-Autonomy-2/src/build/spinnyrobot', 'catkin_cmake_args': None, 'catkin_skip_building_tests': False, 'cmake_args': None, 'cmake_clean_cache': False, 'cmake_clean_first': False, 'cmake_force_configure': False, 'cmake_target': None, 'cmake_target_skip_unavailable': False, 'install_base': '/home/upcoming/Documents/TR-Training 2/TR-Autonomy-2/src/install/spinnyrobot', 'merge_install': False, 'path': '/home/upcoming/Documents/TR-Training 2/TR-Autonomy-2/src/spinnyrobot', 'symlink_install': False, 'test_result_base': None}
[0.379s] Level 5:colcon.colcon_core.verb:set package 'your_solution' build argument 'cmake_args' from command line to 'None'
[0.379s] Level 5:colcon.colcon_core.verb:set package 'your_solution' build argument 'cmake_target' from command line to 'None'
[0.379s] Level 5:colcon.colcon_core.verb:set package 'your_solution' build argument 'cmake_target_skip_unavailable' from command line to 'False'
[0.379s] Level 5:colcon.colcon_core.verb:set package 'your_solution' build argument 'cmake_clean_cache' from command line to 'False'
[0.379s] Level 5:colcon.colcon_core.verb:set package 'your_solution' build argument 'cmake_clean_first' from command line to 'False'
[0.379s] Level 5:colcon.colcon_core.verb:set package 'your_solution' build argument 'cmake_force_configure' from command line to 'False'
[0.379s] Level 5:colcon.colcon_core.verb:set package 'your_solution' build argument 'ament_cmake_args' from command line to 'None'
[0.379s] Level 5:colcon.colcon_core.verb:set package 'your_solution' build argument 'catkin_cmake_args' from command line to 'None'
[0.379s] Level 5:colcon.colcon_core.verb:set package 'your_solution' build argument 'catkin_skip_building_tests' from command line to 'False'
[0.379s] DEBUG:colcon.colcon_core.verb:Building package 'your_solution' with the following arguments: {'ament_cmake_args': None, 'build_base': '/home/upcoming/Documents/TR-Training 2/TR-Autonomy-2/src/build/your_solution', 'catkin_cmake_args': None, 'catkin_skip_building_tests': False, 'cmake_args': None, 'cmake_clean_cache': False, 'cmake_clean_first': False, 'cmake_force_configure': False, 'cmake_target': None, 'cmake_target_skip_unavailable': False, 'install_base': '/home/upcoming/Documents/TR-Training 2/TR-Autonomy-2/src/install/your_solution', 'merge_install': False, 'path': '/home/upcoming/Documents/TR-Training 2/TR-Autonomy-2/src/your_solution', 'symlink_install': False, 'test_result_base': None}
[0.379s] INFO:colcon.colcon_core.executor:Executing jobs using 'parallel' executor
[0.380s] DEBUG:colcon.colcon_parallel_executor.executor.parallel:run_until_complete
[0.380s] INFO:colcon.colcon_ros.task.ament_python.build:Building ROS package in '/home/upcoming/Documents/TR-Training 2/TR-Autonomy-2/src/spinnyrobot' with build type 'ament_python'
[0.381s] Level 1:colcon.colcon_core.shell:create_environment_hook('spinnyrobot', 'ament_prefix_path')
[0.386s] INFO:colcon.colcon_core.plugin_system:Skipping extension 'colcon_core.shell.bat': Not used on non-Windows systems
[0.386s] INFO:colcon.colcon_core.shell:Creating environment hook '/home/upcoming/Documents/TR-Training 2/TR-Autonomy-2/src/install/spinnyrobot/share/spinnyrobot/hook/ament_prefix_path.ps1'
[0.387s] INFO:colcon.colcon_core.shell:Creating environment descriptor '/home/upcoming/Documents/TR-Training 2/TR-Autonomy-2/src/install/spinnyrobot/share/spinnyrobot/hook/ament_prefix_path.dsv'
[0.387s] INFO:colcon.colcon_core.shell:Creating environment hook '/home/upcoming/Documents/TR-Training 2/TR-Autonomy-2/src/install/spinnyrobot/share/spinnyrobot/hook/ament_prefix_path.sh'
[0.388s] INFO:colcon.colcon_core.shell:Skip shell extension 'powershell' for command environment: Not usable outside of PowerShell
[0.388s] DEBUG:colcon.colcon_core.shell:Skip shell extension 'dsv' for command environment
[0.391s] INFO:colcon.colcon_ros.task.ament_cmake.build:Building ROS package in '/home/upcoming/Documents/TR-Training 2/TR-Autonomy-2/src/your_solution' with build type 'ament_cmake'
[0.392s] INFO:colcon.colcon_cmake.task.cmake.build:Building CMake package in '/home/upcoming/Documents/TR-Training 2/TR-Autonomy-2/src/your_solution'
[0.392s] INFO:colcon.colcon_core.shell:Skip shell extension 'powershell' for command environment: Not usable outside of PowerShell
[0.392s] DEBUG:colcon.colcon_core.shell:Skip shell extension 'dsv' for command environment
[0.621s] INFO:colcon.colcon_core.task.python.build:Building Python package in '/home/upcoming/Documents/TR-Training 2/TR-Autonomy-2/src/spinnyrobot'
[0.621s] INFO:colcon.colcon_core.shell:Skip shell extension 'powershell' for command environment: Not usable outside of PowerShell
[0.622s] DEBUG:colcon.colcon_core.shell:Skip shell extension 'dsv' for command environment
[0.628s] DEBUG:colcon.colcon_core.event_handler.log_command:Invoking command in '/home/upcoming/Documents/TR-Training 2/TR-Autonomy-2/src/build/your_solution': CMAKE_PREFIX_PATH=/home/upcoming/Documents/TR-Training 2/TR-Autonomy-2/install/spinnyrobot:/opt/ros/humble /usr/bin/cmake --build /home/upcoming/Documents/TR-Training 2/TR-Autonomy-2/src/build/your_solution -- -j5 -l5
[0.741s] Level 1:colcon.colcon_core.environment:create_environment_scripts_only(your_solution)
[0.742s] DEBUG:colcon.colcon_core.event_handler.log_command:Invoked command in '/home/upcoming/Documents/TR-Training 2/TR-Autonomy-2/src/build/your_solution' returned '2': CMAKE_PREFIX_PATH=/home/upcoming/Documents/TR-Training 2/TR-Autonomy-2/install/spinnyrobot:/opt/ros/humble /usr/bin/cmake --build /home/upcoming/Documents/TR-Training 2/TR-Autonomy-2/src/build/your_solution -- -j5 -l5
[0.743s] Level 1:colcon.colcon_core.environment:checking '/home/upcoming/Documents/TR-Training 2/TR-Autonomy-2/src/install/your_solution' for CMake module files
[0.744s] Level 1:colcon.colcon_core.environment:checking '/home/upcoming/Documents/TR-Training 2/TR-Autonomy-2/src/install/your_solution' for CMake config files
[0.744s] Level 1:colcon.colcon_core.environment:checking '/home/upcoming/Documents/TR-Training 2/TR-Autonomy-2/src/install/your_solution/bin'
[0.744s] Level 1:colcon.colcon_core.environment:checking '/home/upcoming/Documents/TR-Training 2/TR-Autonomy-2/src/install/your_solution/lib/pkgconfig/your_solution.pc'
[0.744s] Level 1:colcon.colcon_core.environment:checking '/home/upcoming/Documents/TR-Training 2/TR-Autonomy-2/src/install/your_solution/lib/python3.10/site-packages'
[0.744s] Level 1:colcon.colcon_core.environment:checking '/home/upcoming/Documents/TR-Training 2/TR-Autonomy-2/src/install/your_solution/bin'
[0.744s] INFO:colcon.colcon_core.shell:Creating package script '/home/upcoming/Documents/TR-Training 2/TR-Autonomy-2/src/install/your_solution/share/your_solution/package.ps1'
[0.745s] INFO:colcon.colcon_core.shell:Creating package descriptor '/home/upcoming/Documents/TR-Training 2/TR-Autonomy-2/src/install/your_solution/share/your_solution/package.dsv'
[0.746s] INFO:colcon.colcon_core.shell:Creating package script '/home/upcoming/Documents/TR-Training 2/TR-Autonomy-2/src/install/your_solution/share/your_solution/package.sh'
[0.747s] INFO:colcon.colcon_core.shell:Creating package script '/home/upcoming/Documents/TR-Training 2/TR-Autonomy-2/src/install/your_solution/share/your_solution/package.bash'
[0.748s] INFO:colcon.colcon_core.shell:Creating package script '/home/upcoming/Documents/TR-Training 2/TR-Autonomy-2/src/install/your_solution/share/your_solution/package.zsh'
[0.749s] Level 1:colcon.colcon_core.environment:create_file_with_runtime_dependencies(/home/upcoming/Documents/TR-Training 2/TR-Autonomy-2/src/install/your_solution/share/colcon-core/packages/your_solution)
[0.974s] DEBUG:colcon.colcon_parallel_executor.executor.parallel:closing loop
[0.975s] DEBUG:colcon.colcon_parallel_executor.executor.parallel:loop closed
[0.975s] DEBUG:colcon.colcon_parallel_executor.executor.parallel:run_until_complete finished with '2'
[0.975s] DEBUG:colcon.colcon_core.event_reactor:joining thread
[0.985s] INFO:colcon.colcon_core.plugin_system:Skipping extension 'colcon_notification.desktop_notification.terminal_notifier': Not used on non-Darwin systems
[0.985s] INFO:colcon.colcon_core.plugin_system:Skipping extension 'colcon_notification.desktop_notification.win32': Not used on non-Windows systems
[0.985s] INFO:colcon.colcon_notification.desktop_notification:Sending desktop notification using 'notify2'
[1.001s] DEBUG:colcon.colcon_core.event_reactor:joined thread
[1.002s] INFO:colcon.colcon_core.shell:Creating prefix script '/home/upcoming/Documents/TR-Training 2/TR-Autonomy-2/src/install/local_setup.ps1'
[1.003s] INFO:colcon.colcon_core.shell:Creating prefix util module '/home/upcoming/Documents/TR-Training 2/TR-Autonomy-2/src/install/_local_setup_util_ps1.py'
[1.004s] INFO:colcon.colcon_core.shell:Creating prefix chain script '/home/upcoming/Documents/TR-Training 2/TR-Autonomy-2/src/install/setup.ps1'
[1.006s] INFO:colcon.colcon_core.shell:Creating prefix script '/home/upcoming/Documents/TR-Training 2/TR-Autonomy-2/src/install/local_setup.sh'
[1.007s] INFO:colcon.colcon_core.shell:Creating prefix util module '/home/upcoming/Documents/TR-Training 2/TR-Autonomy-2/src/install/_local_setup_util_sh.py'
[1.007s] INFO:colcon.colcon_core.shell:Creating prefix chain script '/home/upcoming/Documents/TR-Training 2/TR-Autonomy-2/src/install/setup.sh'
[1.009s] INFO:colcon.colcon_core.shell:Creating prefix script '/home/upcoming/Documents/TR-Training 2/TR-Autonomy-2/src/install/local_setup.bash'
[1.010s] INFO:colcon.colcon_core.shell:Creating prefix chain script '/home/upcoming/Documents/TR-Training 2/TR-Autonomy-2/src/install/setup.bash'
[1.011s] INFO:colcon.colcon_core.shell:Creating prefix script '/home/upcoming/Documents/TR-Training 2/TR-Autonomy-2/src/install/local_setup.zsh'
[1.018s] INFO:colcon.colcon_core.shell:Creating prefix chain script '/home/upcoming/Documents/TR-Training 2/TR-Autonomy-2/src/install/setup.zsh'
