[0.867s] Invoking command in '/home/upcoming/Documents/TR-Training 2/TR-Autonomy-2/src/spinnyrobot': PYTHONPATH=/home/upcoming/Documents/TR-Training 2/TR-Autonomy-2/src/build/spinnyrobot/prefix_override:/usr/lib/python3/dist-packages/colcon_core/task/python/colcon_distutils_commands:/home/upcoming/Documents/TR-Training 2/TR-Autonomy-2/src/install/spinnyrobot/lib/python3.10/site-packages:${PYTHONPATH} /usr/bin/python3 -W ignore:setup.py install is deprecated -W ignore:easy_install command is deprecated setup.py egg_info --egg-base ../build/spinnyrobot build --build-base /home/upcoming/Documents/TR-Training 2/TR-Autonomy-2/src/build/spinnyrobot/build install --record /home/upcoming/Documents/TR-Training 2/TR-Autonomy-2/src/build/spinnyrobot/install.log --single-version-externally-managed install_data
[1.057s] running egg_info
[1.057s] writing ../build/spinnyrobot/spinnyrobot.egg-info/PKG-INFO
[1.058s] writing dependency_links to ../build/spinnyrobot/spinnyrobot.egg-info/dependency_links.txt
[1.058s] writing entry points to ../build/spinnyrobot/spinnyrobot.egg-info/entry_points.txt
[1.058s] writing requirements to ../build/spinnyrobot/spinnyrobot.egg-info/requires.txt
[1.058s] writing top-level names to ../build/spinnyrobot/spinnyrobot.egg-info/top_level.txt
[1.059s] reading manifest file '../build/spinnyrobot/spinnyrobot.egg-info/SOURCES.txt'
[1.061s] writing manifest file '../build/spinnyrobot/spinnyrobot.egg-info/SOURCES.txt'
[1.061s] running build
[1.061s] running build_py
[1.062s] running install
[1.062s] running install_lib
[1.063s] running install_data
[1.063s] running install_egg_info
[1.064s] removing '/home/upcoming/Documents/TR-Training 2/TR-Autonomy-2/src/install/spinnyrobot/lib/python3.10/site-packages/spinnyrobot-0.0.0-py3.10.egg-info' (and everything under it)
[1.065s] Copying ../build/spinnyrobot/spinnyrobot.egg-info to /home/upcoming/Documents/TR-Training 2/TR-Autonomy-2/src/install/spinnyrobot/lib/python3.10/site-packages/spinnyrobot-0.0.0-py3.10.egg-info
[1.066s] running install_scripts
[1.082s] Installing spinnyrobot script to /home/upcoming/Documents/TR-Training 2/TR-Autonomy-2/src/install/spinnyrobot/lib/spinnyrobot
[1.082s] writing list of installed files to '/home/upcoming/Documents/TR-Training 2/TR-Autonomy-2/src/build/spinnyrobot/install.log'
[1.109s] Invoked command in '/home/upcoming/Documents/TR-Training 2/TR-Autonomy-2/src/spinnyrobot' returned '0': PYTHONPATH=/home/upcoming/Documents/TR-Training 2/TR-Autonomy-2/src/build/spinnyrobot/prefix_override:/usr/lib/python3/dist-packages/colcon_core/task/python/colcon_distutils_commands:/home/upcoming/Documents/TR-Training 2/TR-Autonomy-2/src/install/spinnyrobot/lib/python3.10/site-packages:${PYTHONPATH} /usr/bin/python3 -W ignore:setup.py install is deprecated -W ignore:easy_install command is deprecated setup.py egg_info --egg-base ../build/spinnyrobot build --build-base /home/upcoming/Documents/TR-Training 2/TR-Autonomy-2/src/build/spinnyrobot/build install --record /home/upcoming/Documents/TR-Training 2/TR-Autonomy-2/src/build/spinnyrobot/install.log --single-version-externally-managed install_data
