[0.329s] Invoking command in '/home/upcoming/Documents/TR-Training 2/TR-Autonomy-2/src/build/your_solution': CMAKE_PREFIX_PATH=/home/upcoming/Documents/TR-Training 2/TR-Autonomy-2/install/spinnyrobot:/opt/ros/humble /usr/bin/cmake --build /home/upcoming/Documents/TR-Training 2/TR-Autonomy-2/src/build/your_solution -- -j5 -l5
[0.399s] -- Found ament_cmake: 1.3.12 (/opt/ros/humble/share/ament_cmake/cmake)
[0.587s] -- Found rclcpp: 16.0.14 (/opt/ros/humble/share/rclcpp/cmake)
[0.682s] -- Found rosidl_generator_c: 3.1.7 (/opt/ros/humble/share/rosidl_generator_c/cmake)
[0.691s] -- Found rosidl_adapter: 3.1.7 (/opt/ros/humble/share/rosidl_adapter/cmake)
[0.709s] -- Found rosidl_generator_cpp: 3.1.7 (/opt/ros/humble/share/rosidl_generator_cpp/cmake)
[0.741s] -- Using all available rosidl_typesupport_c: rosidl_typesupport_fastrtps_c;rosidl_typesupport_introspection_c
[0.780s] -- Using all available rosidl_typesupport_cpp: rosidl_typesupport_fastrtps_cpp;rosidl_typesupport_introspection_cpp
[0.880s] -- Found rmw_implementation_cmake: 6.1.2 (/opt/ros/humble/share/rmw_implementation_cmake/cmake)
[0.891s] -- Found rmw_fastrtps_cpp: 6.2.8 (/opt/ros/humble/share/rmw_fastrtps_cpp/cmake)
[1.029s] -- Found OpenSSL: /usr/lib/aarch64-linux-gnu/libcrypto.so (found version "3.0.2")  
[1.067s] -- Found FastRTPS: /opt/ros/humble/include  
[1.116s] -- Using RMW implementation 'rmw_fastrtps_cpp' as default
[1.139s] -- Looking for pthread.h
[1.277s] -- Looking for pthread.h - found
[1.281s] -- Performing Test CMAKE_HAVE_LIBC_PTHREAD
[1.401s] -- Performing Test CMAKE_HAVE_LIBC_PTHREAD - Success
[1.401s] -- Found Threads: TRUE  
[1.499s] [31mCMake Error at /opt/ros/humble/share/ament_cmake_target_dependencies/cmake/ament_target_dependencies.cmake:42 (message):
[1.499s]   ament_target_dependencies() the first argument must be a valid target name
[1.499s] Call Stack (most recent call first):
[1.499s]   CMakeLists.txt:17 (ament_target_dependencies)
[1.499s] 
[1.499s] [0m
[1.499s] -- Configuring incomplete, errors occurred!
[1.499s] See also "/home/upcoming/Documents/TR-Training 2/TR-Autonomy-2/src/build/your_solution/CMakeFiles/CMakeOutput.log".
[1.511s] gmake: *** [Makefile:267: cmake_check_build_system] Error 1
[1.518s] Invoked command in '/home/upcoming/Documents/TR-Training 2/TR-Autonomy-2/src/build/your_solution' returned '2': CMAKE_PREFIX_PATH=/home/upcoming/Documents/TR-Training 2/TR-Autonomy-2/install/spinnyrobot:/opt/ros/humble /usr/bin/cmake --build /home/upcoming/Documents/TR-Training 2/TR-Autonomy-2/src/build/your_solution -- -j5 -l5
