[0.227s] Invoking command in '/home/upcoming/Documents/TR-Training 2/TR-Autonomy-2/src/build/your_solution': CMAKE_PREFIX_PATH=/home/upcoming/Documents/TR-Training 2/TR-Autonomy-2/install/spinnyrobot:/opt/ros/humble /usr/bin/cmake --build /home/upcoming/Documents/TR-Training 2/TR-Autonomy-2/src/build/your_solution -- -j5 -l5
[0.268s] -- Found ament_cmake: 1.3.12 (/opt/ros/humble/share/ament_cmake/cmake)
[0.430s] -- Found rclcpp: 16.0.14 (/opt/ros/humble/share/rclcpp/cmake)
[0.459s] -- Found rosidl_generator_c: 3.1.7 (/opt/ros/humble/share/rosidl_generator_c/cmake)
[0.460s] -- Found rosidl_adapter: 3.1.7 (/opt/ros/humble/share/rosidl_adapter/cmake)
[0.467s] -- Found rosidl_generator_cpp: 3.1.7 (/opt/ros/humble/share/rosidl_generator_cpp/cmake)
[0.474s] -- Using all available rosidl_typesupport_c: rosidl_typesupport_fastrtps_c;rosidl_typesupport_introspection_c
[0.488s] -- Using all available rosidl_typesupport_cpp: rosidl_typesupport_fastrtps_cpp;rosidl_typesupport_introspection_cpp
[0.515s] -- Found rmw_implementation_cmake: 6.1.2 (/opt/ros/humble/share/rmw_implementation_cmake/cmake)
[0.517s] -- Found rmw_fastrtps_cpp: 6.2.8 (/opt/ros/humble/share/rmw_fastrtps_cpp/cmake)
[0.618s] -- Using RMW implementation 'rmw_fastrtps_cpp' as default
[0.667s] [31mCMake Error at /opt/ros/humble/share/ament_cmake_target_dependencies/cmake/ament_target_dependencies.cmake:42 (message):
[0.667s]   ament_target_dependencies() the first argument must be a valid target name
[0.667s] Call Stack (most recent call first):
[0.667s]   CMakeLists.txt:17 (ament_target_dependencies)
[0.667s] 
[0.667s] [0m
[0.667s] -- Configuring incomplete, errors occurred!
[0.667s] See also "/home/upcoming/Documents/TR-Training 2/TR-Autonomy-2/src/build/your_solution/CMakeFiles/CMakeOutput.log".
[0.675s] gmake: *** [Makefile:267: cmake_check_build_system] Error 1
[0.678s] Invoked command in '/home/upcoming/Documents/TR-Training 2/TR-Autonomy-2/src/build/your_solution' returned '2': CMAKE_PREFIX_PATH=/home/upcoming/Documents/TR-Training 2/TR-Autonomy-2/install/spinnyrobot:/opt/ros/humble /usr/bin/cmake --build /home/upcoming/Documents/TR-Training 2/TR-Autonomy-2/src/build/your_solution -- -j5 -l5
