[0.572s] Invoking command in '/home/upcoming/Documents/TR-Training 2/TR-Autonomy-2/src/spinnyrobot': PYTHONPATH=/home/upcoming/Documents/TR-Training 2/TR-Autonomy-2/src/build/spinnyrobot/prefix_override:/usr/lib/python3/dist-packages/colcon_core/task/python/colcon_distutils_commands:/home/upcoming/Documents/TR-Training 2/TR-Autonomy-2/src/install/spinnyrobot/lib/python3.10/site-packages:${PYTHONPATH} /usr/bin/python3 -W ignore:setup.py install is deprecated -W ignore:easy_install command is deprecated setup.py egg_info --egg-base ../build/spinnyrobot build --build-base /home/upcoming/Documents/TR-Training 2/TR-Autonomy-2/src/build/spinnyrobot/build install --record /home/upcoming/Documents/TR-Training 2/TR-Autonomy-2/src/build/spinnyrobot/install.log --single-version-externally-managed install_data
[0.779s] running egg_info
[0.779s] writing ../build/spinnyrobot/spinnyrobot.egg-info/PKG-INFO
[0.780s] writing dependency_links to ../build/spinnyrobot/spinnyrobot.egg-info/dependency_links.txt
[0.780s] writing entry points to ../build/spinnyrobot/spinnyrobot.egg-info/entry_points.txt
[0.780s] writing requirements to ../build/spinnyrobot/spinnyrobot.egg-info/requires.txt
[0.780s] writing top-level names to ../build/spinnyrobot/spinnyrobot.egg-info/top_level.txt
[0.785s] reading manifest file '../build/spinnyrobot/spinnyrobot.egg-info/SOURCES.txt'
[0.787s] writing manifest file '../build/spinnyrobot/spinnyrobot.egg-info/SOURCES.txt'
[0.787s] running build
[0.787s] running build_py
[0.787s] running install
[0.789s] running install_lib
[0.790s] running install_data
[0.790s] running install_egg_info
[0.791s] removing '/home/upcoming/Documents/TR-Training 2/TR-Autonomy-2/src/install/spinnyrobot/lib/python3.10/site-packages/spinnyrobot-0.0.0-py3.10.egg-info' (and everything under it)
[0.791s] Copying ../build/spinnyrobot/spinnyrobot.egg-info to /home/upcoming/Documents/TR-Training 2/TR-Autonomy-2/src/install/spinnyrobot/lib/python3.10/site-packages/spinnyrobot-0.0.0-py3.10.egg-info
[0.794s] running install_scripts
[0.817s] Installing spinnyrobot script to /home/upcoming/Documents/TR-Training 2/TR-Autonomy-2/src/install/spinnyrobot/lib/spinnyrobot
[0.818s] writing list of installed files to '/home/upcoming/Documents/TR-Training 2/TR-Autonomy-2/src/build/spinnyrobot/install.log'
